yarn run v1.22.22
$ /home/ivo/code/dhis2/capture-app/node_modules/.bin/cypress run

====================================================================================================

  (Run Starting)

  ┌────────────────────────────────────────────────────────────────────────────────────────────────┐
  │ Cypress:        12.17.4                                                                        │
  │ Browser:        Electron 106 (headless)                                                        │
  │ Node Version:   v22.15.0 (/snap/node/10097/bin/node)                                           │
  │ Specs:          34 found (AllAccessibleRecordsPage/AllAccessibleRecordsPage.feature, MainPage/ │
  │                 MainPage.feature, NewEventThroughAddRelationship/NewEventThroughAddRelationshi │
  │                 p.feature, NewPage/NewPage.feature, RelatedStages/RelatedStages.feature, Scope │
  │                 Selector/ScopeSelector....)                                                    │
  │ Searched:       cypress/e2e/**/*.feature                                                       │
  │ Experiments:    experimentalFetchPolyfill=true                                                 │
  └────────────────────────────────────────────────────────────────────────────────────────────────┘


────────────────────────────────────────────────────────────────────────────────────────────────────
                                                                                                    
  Running:  AllAccessibleRecordsPage/AllAccessibleRecordsPage.feature                      (1 of 34)


  the user interacts with the "view all records regardless of OrgUnit"-page.
    ✓ The working list are hidden by default (4522ms)
    ✓ A message will be shown when OrgUnit is not selected (14532ms)
    ✓ The working list will hydrate when event program is selected (4050ms)
